<?xml version="1.0" encoding="UTF-8"?>
<!-- Generated by org.testng.reporters.JUnitReportReporter -->
<testsuite hostname="LAPTOP-93I518HV" failures="0" tests="1" name="driverFactory.AppTest" time="44.431" errors="0" timestamp="2024-02-22T17:22:49 IST" skipped="0">
  <testcase classname="driverFactory.AppTest" name="kickStart" time="44.431">
    <system-out>
      <![CDATA[Supplier-00000001553     Supplier-00000001553
Customer-00000002717     Customer-00000002717]]>
    </system-out>
  </testcase> <!-- kickStart -->
  <system-out>
    <![CDATA[Supplier-00000001553     Supplier-00000001553
Customer-00000002717     Customer-00000002717]]>
  </system-out>
</testsuite> <!-- driverFactory.AppTest -->
